TN:
SF:server.js
FNF:0
FNH:0
DA:1,1
DA:2,1
DA:3,1
DA:4,1
DA:5,1
DA:6,1
DA:7,1
DA:8,1
DA:9,1
DA:10,1
DA:11,1
DA:12,1
DA:13,1
LF:13
LH:13
BRDA:1,0,0,1
BRDA:9,1,0,1
BRF:2
BRH:2
end_of_record
TN:
SF:controller\notesController.js
FN:4,exports.getAllNotes
FN:8,exports.getNoteById
FN:14,exports.createNote
FN:35,exports.updateNote
FN:60,exports.deleteNote
FNF:5
FNH:5
FNDA:1,exports.getAllNotes
FNDA:2,exports.getNoteById
FNDA:13,exports.createNote
FNDA:6,exports.updateNote
FNDA:2,exports.deleteNote
DA:1,1
DA:2,1
DA:3,1
DA:4,1
DA:5,1
DA:6,1
DA:7,1
DA:8,1
DA:9,2
DA:10,2
DA:11,2
DA:12,1
DA:13,1
DA:14,1
DA:15,13
DA:16,13
DA:17,13
DA:18,13
DA:19,4
DA:20,4
DA:21,8
DA:22,8
DA:23,8
DA:24,8
DA:25,8
DA:26,8
DA:27,8
DA:28,8
DA:29,8
DA:30,8
DA:31,8
DA:32,8
DA:33,8
DA:34,1
DA:35,1
DA:36,6
DA:37,6
DA:38,6
DA:39,6
DA:40,6
DA:41,6
DA:42,6
DA:43,1
DA:44,1
DA:45,6
DA:46,1
DA:47,1
DA:48,4
DA:49,6
DA:50,2
DA:51,1
DA:52,2
DA:53,3
DA:54,1110
DA:55,3
DA:56,3
DA:57,3
DA:58,1
DA:59,1
DA:60,1
DA:61,2
DA:62,2
DA:63,2
DA:64,2
DA:65,2
DA:66,2
DA:67,1
DA:68,1
DA:69,1
DA:70,1
DA:71,1
DA:72,1
DA:73,1
LF:73
LH:73
BRDA:1,0,0,1
BRDA:4,1,0,1
BRDA:8,2,0,2
BRDA:11,3,0,1
BRDA:10,4,0,737
BRDA:14,5,0,13
BRDA:18,6,0,9
BRDA:18,7,0,4
BRDA:21,8,0,8
BRDA:35,9,0,6
BRDA:39,10,0,0
BRDA:42,11,0,1
BRDA:45,12,0,5
BRDA:45,13,0,1
BRDA:48,14,0,4
BRDA:49,15,0,2
BRDA:50,16,0,1
BRDA:53,17,0,3
BRDA:41,18,0,2229
BRDA:53,19,0,1110
BRDA:54,20,0,3
BRDA:54,21,0,1107
BRDA:60,22,0,2
BRDA:63,23,0,0
BRDA:66,24,0,1
BRDA:65,25,0,737
BRDA:69,26,0,369
BRF:27
BRH:25
end_of_record
TN:
SF:routes\notesRoutes.js
FNF:0
FNH:0
DA:1,1
DA:2,1
DA:3,1
DA:4,1
DA:5,1
DA:6,1
DA:7,1
DA:8,1
DA:9,1
DA:10,1
LF:10
LH:10
BRDA:1,0,0,1
BRF:1
BRH:1
end_of_record
TN:
SF:services\noteServices.js
FN:4,getNotes
FN:9,saveNotes
FNF:2
FNH:2
FNDA:19,getNotes
FNDA:12,saveNotes
DA:1,1
DA:2,1
DA:3,1
DA:4,19
DA:5,19
DA:6,19
DA:7,19
DA:8,1
DA:9,12
DA:10,12
DA:11,12
DA:12,1
LF:12
LH:12
BRDA:1,0,0,1
BRDA:4,1,0,19
BRDA:9,2,0,12
BRF:3
BRH:3
end_of_record
